Traceback (most recent call last):
  File "/opt/hostedtoolcache/Python/3.11.10/x64/lib/python3.11/site-packages/jupyter_cache/executors/utils.py", line 58, in single_nb_execution
    executenb(
  File "/opt/hostedtoolcache/Python/3.11.10/x64/lib/python3.11/site-packages/nbclient/client.py", line 1314, in execute
    return NotebookClient(nb=nb, resources=resources, km=km, **kwargs).execute()
           ^^^^^^^^^^^^^^^^^^^^^^^^^^^^^^^^^^^^^^^^^^^^^^^^^^^^^^^^^^^^^^^^^^^^^
  File "/opt/hostedtoolcache/Python/3.11.10/x64/lib/python3.11/site-packages/jupyter_core/utils/__init__.py", line 165, in wrapped
    return loop.run_until_complete(inner)
           ^^^^^^^^^^^^^^^^^^^^^^^^^^^^^^
  File "/opt/hostedtoolcache/Python/3.11.10/x64/lib/python3.11/asyncio/base_events.py", line 654, in run_until_complete
    return future.result()
           ^^^^^^^^^^^^^^^
  File "/opt/hostedtoolcache/Python/3.11.10/x64/lib/python3.11/site-packages/nbclient/client.py", line 709, in async_execute
    await self.async_execute_cell(
  File "/opt/hostedtoolcache/Python/3.11.10/x64/lib/python3.11/site-packages/nbclient/client.py", line 1062, in async_execute_cell
    await self._check_raise_for_error(cell, cell_index, exec_reply)
  File "/opt/hostedtoolcache/Python/3.11.10/x64/lib/python3.11/site-packages/nbclient/client.py", line 918, in _check_raise_for_error
    raise CellExecutionError.from_cell_and_msg(cell, exec_reply_content)
nbclient.exceptions.CellExecutionError: An error occurred while executing the following cell:
------------------
import numpy as np
import matplotlib.pyplot as plt

# particula imports
from particula.next.particles.properties.lognormal_size_distribution import lognormal_pmf_distribution
from particula.data.process import scattering_truncation

------------------


[0;31m---------------------------------------------------------------------------[0m
[0;31mModuleNotFoundError[0m                       Traceback (most recent call last)
Cell [0;32mIn[1], line 5[0m
[1;32m      2[0m [38;5;28;01mimport[39;00m [38;5;21;01mmatplotlib[39;00m[38;5;21;01m.[39;00m[38;5;21;01mpyplot[39;00m [38;5;28;01mas[39;00m [38;5;21;01mplt[39;00m
[1;32m      4[0m [38;5;66;03m# particula imports[39;00m
[0;32m----> 5[0m [38;5;28;01mfrom[39;00m [38;5;21;01mparticula[39;00m[38;5;21;01m.[39;00m[38;5;21;01mnext[39;00m[38;5;21;01m.[39;00m[38;5;21;01mparticles[39;00m[38;5;21;01m.[39;00m[38;5;21;01mproperties[39;00m[38;5;21;01m.[39;00m[38;5;21;01mlognormal_size_distribution[39;00m [38;5;28;01mimport[39;00m lognormal_pmf_distribution
[1;32m      6[0m [38;5;28;01mfrom[39;00m [38;5;21;01mparticula[39;00m[38;5;21;01m.[39;00m[38;5;21;01mdata[39;00m[38;5;21;01m.[39;00m[38;5;21;01mprocess[39;00m [38;5;28;01mimport[39;00m scattering_truncation

File [0;32m/opt/hostedtoolcache/Python/3.11.10/x64/lib/python3.11/site-packages/particula/next/particles/__init__.py:22[0m
[1;32m     10[0m [38;5;28;01mfrom[39;00m [38;5;21;01mparticula[39;00m[38;5;21;01m.[39;00m[38;5;21;01mnext[39;00m[38;5;21;01m.[39;00m[38;5;21;01mparticles[39;00m[38;5;21;01m.[39;00m[38;5;21;01mdistribution_strategies[39;00m [38;5;28;01mimport[39;00m (
[1;32m     11[0m     MassBasedMovingBin,
[1;32m     12[0m     RadiiBasedMovingBin,
[1;32m     13[0m     SpeciatedMassMovingBin,
[1;32m     14[0m     ParticleResolvedSpeciatedMass,
[1;32m     15[0m )
[1;32m     16[0m [38;5;28;01mfrom[39;00m [38;5;21;01mparticula[39;00m[38;5;21;01m.[39;00m[38;5;21;01mnext[39;00m[38;5;21;01m.[39;00m[38;5;21;01mparticles[39;00m[38;5;21;01m.[39;00m[38;5;21;01mdistribution_builders[39;00m [38;5;28;01mimport[39;00m (
[1;32m     17[0m     MassBasedMovingBinBuilder,
[1;32m     18[0m     RadiiBasedMovingBinBuilder,
[1;32m     19[0m     SpeciatedMassMovingBinBuilder,
[1;32m     20[0m     ParticleResolvedSpeciatedMassBuilder,
[1;32m     21[0m )
[0;32m---> 22[0m [38;5;28;01mfrom[39;00m [38;5;21;01mparticula[39;00m[38;5;21;01m.[39;00m[38;5;21;01mnext[39;00m[38;5;21;01m.[39;00m[38;5;21;01mparticles[39;00m[38;5;21;01m.[39;00m[38;5;21;01mdistribution_factories[39;00m [38;5;28;01mimport[39;00m (
[1;32m     23[0m     DistributionFactory,
[1;32m     24[0m )
[1;32m     25[0m [38;5;28;01mfrom[39;00m [38;5;21;01mparticula[39;00m[38;5;21;01m.[39;00m[38;5;21;01mnext[39;00m[38;5;21;01m.[39;00m[38;5;21;01mparticles[39;00m[38;5;21;01m.[39;00m[38;5;21;01mactivity_strategies[39;00m [38;5;28;01mimport[39;00m (
[1;32m     26[0m     ActivityIdealMass,
[1;32m     27[0m     ActivityIdealMolar,
[1;32m     28[0m     ActivityKappaParameter,
[1;32m     29[0m )
[1;32m     30[0m [38;5;28;01mfrom[39;00m [38;5;21;01mparticula[39;00m[38;5;21;01m.[39;00m[38;5;21;01mnext[39;00m[38;5;21;01m.[39;00m[38;5;21;01mparticles[39;00m[38;5;21;01m.[39;00m[38;5;21;01mactivity_builders[39;00m [38;5;28;01mimport[39;00m (
[1;32m     31[0m     ActivityIdealMassBuilder,
[1;32m     32[0m     ActivityIdealMolarBuilder,
[1;32m     33[0m     ActivityKappaParameterBuilder,
[1;32m     34[0m )

File [0;32m/opt/hostedtoolcache/Python/3.11.10/x64/lib/python3.11/site-packages/particula/next/particles/distribution_factories.py:5[0m
[1;32m      1[0m [38;5;124;03m"""Factory Classes for selecting the distribution strategy.[39;00m
[1;32m      2[0m [38;5;124;03m"""[39;00m
[1;32m      4[0m [38;5;28;01mfrom[39;00m [38;5;21;01mtyping[39;00m [38;5;28;01mimport[39;00m Union
[0;32m----> 5[0m [38;5;28;01mfrom[39;00m [38;5;21;01mparticula[39;00m[38;5;21;01m.[39;00m[38;5;21;01mnext[39;00m[38;5;21;01m.[39;00m[38;5;21;01mabc_factory[39;00m [38;5;28;01mimport[39;00m StrategyFactory
[1;32m      6[0m [38;5;28;01mfrom[39;00m [38;5;21;01mparticula[39;00m[38;5;21;01m.[39;00m[38;5;21;01mnext[39;00m[38;5;21;01m.[39;00m[38;5;21;01mparticles[39;00m[38;5;21;01m.[39;00m[38;5;21;01mdistribution_strategies[39;00m [38;5;28;01mimport[39;00m (
[1;32m      7[0m     MassBasedMovingBin, RadiiBasedMovingBin, SpeciatedMassMovingBin,
[1;32m      8[0m     ParticleResolvedSpeciatedMass,
[1;32m      9[0m )
[1;32m     10[0m [38;5;28;01mfrom[39;00m [38;5;21;01mparticula[39;00m[38;5;21;01m.[39;00m[38;5;21;01mnext[39;00m[38;5;21;01m.[39;00m[38;5;21;01mparticles[39;00m[38;5;21;01m.[39;00m[38;5;21;01mdistribution_builders[39;00m [38;5;28;01mimport[39;00m (
[1;32m     11[0m     MassBasedMovingBinBuilder, RadiiBasedMovingBinBuilder,
[1;32m     12[0m     SpeciatedMassMovingBinBuilder,
[1;32m     13[0m     ParticleResolvedSpeciatedMassBuilder,
[1;32m     14[0m )

[0;31mModuleNotFoundError[0m: No module named 'particula.next.abc_factory'

