Traceback (most recent call last):
  File "/opt/hostedtoolcache/Python/3.11.10/x64/lib/python3.11/site-packages/jupyter_cache/executors/utils.py", line 58, in single_nb_execution
    executenb(
  File "/opt/hostedtoolcache/Python/3.11.10/x64/lib/python3.11/site-packages/nbclient/client.py", line 1314, in execute
    return NotebookClient(nb=nb, resources=resources, km=km, **kwargs).execute()
           ^^^^^^^^^^^^^^^^^^^^^^^^^^^^^^^^^^^^^^^^^^^^^^^^^^^^^^^^^^^^^^^^^^^^^
  File "/opt/hostedtoolcache/Python/3.11.10/x64/lib/python3.11/site-packages/jupyter_core/utils/__init__.py", line 165, in wrapped
    return loop.run_until_complete(inner)
           ^^^^^^^^^^^^^^^^^^^^^^^^^^^^^^
  File "/opt/hostedtoolcache/Python/3.11.10/x64/lib/python3.11/asyncio/base_events.py", line 654, in run_until_complete
    return future.result()
           ^^^^^^^^^^^^^^^
  File "/opt/hostedtoolcache/Python/3.11.10/x64/lib/python3.11/site-packages/nbclient/client.py", line 709, in async_execute
    await self.async_execute_cell(
  File "/opt/hostedtoolcache/Python/3.11.10/x64/lib/python3.11/site-packages/nbclient/client.py", line 1062, in async_execute_cell
    await self._check_raise_for_error(cell, cell_index, exec_reply)
  File "/opt/hostedtoolcache/Python/3.11.10/x64/lib/python3.11/site-packages/nbclient/client.py", line 918, in _check_raise_for_error
    raise CellExecutionError.from_cell_and_msg(cell, exec_reply_content)
nbclient.exceptions.CellExecutionError: An error occurred while executing the following cell:
------------------
import numpy as np
import matplotlib.pyplot as plt

# From particula
from particula.next.gas.atmosphere_builder import AtmosphereBuilder
from particula.next.gas.vapor_pressure_factories import VaporPressureFactory
from particula.next.gas.species_builder import GasSpeciesBuilder
------------------


[0;31m---------------------------------------------------------------------------[0m
[0;31mNameError[0m                                 Traceback (most recent call last)
Cell [0;32mIn[1], line 5[0m
[1;32m      2[0m [38;5;28;01mimport[39;00m [38;5;21;01mmatplotlib[39;00m[38;5;21;01m.[39;00m[38;5;21;01mpyplot[39;00m [38;5;28;01mas[39;00m [38;5;21;01mplt[39;00m
[1;32m      4[0m [38;5;66;03m# From particula[39;00m
[0;32m----> 5[0m [38;5;28;01mfrom[39;00m [38;5;21;01mparticula[39;00m[38;5;21;01m.[39;00m[38;5;21;01mnext[39;00m[38;5;21;01m.[39;00m[38;5;21;01mgas[39;00m[38;5;21;01m.[39;00m[38;5;21;01matmosphere_builder[39;00m [38;5;28;01mimport[39;00m AtmosphereBuilder
[1;32m      6[0m [38;5;28;01mfrom[39;00m [38;5;21;01mparticula[39;00m[38;5;21;01m.[39;00m[38;5;21;01mnext[39;00m[38;5;21;01m.[39;00m[38;5;21;01mgas[39;00m[38;5;21;01m.[39;00m[38;5;21;01mvapor_pressure_factories[39;00m [38;5;28;01mimport[39;00m VaporPressureFactory
[1;32m      7[0m [38;5;28;01mfrom[39;00m [38;5;21;01mparticula[39;00m[38;5;21;01m.[39;00m[38;5;21;01mnext[39;00m[38;5;21;01m.[39;00m[38;5;21;01mgas[39;00m[38;5;21;01m.[39;00m[38;5;21;01mspecies_builder[39;00m [38;5;28;01mimport[39;00m GasSpeciesBuilder

File [0;32m/opt/hostedtoolcache/Python/3.11.10/x64/lib/python3.11/site-packages/particula/next/gas/__init__.py:22[0m
[1;32m      9[0m [38;5;28;01mfrom[39;00m [38;5;21;01mparticula[39;00m[38;5;21;01m.[39;00m[38;5;21;01mnext[39;00m[38;5;21;01m.[39;00m[38;5;21;01mgas[39;00m[38;5;21;01m.[39;00m[38;5;21;01mvapor_pressure_strategies[39;00m [38;5;28;01mimport[39;00m (
[1;32m     10[0m     ConstantVaporPressureStrategy,
[1;32m     11[0m     AntoineVaporPressureStrategy,
[1;32m     12[0m     ClausiusClapeyronStrategy,
[1;32m     13[0m     WaterBuckStrategy,
[1;32m     14[0m )
[1;32m     15[0m [38;5;66;03m# from particula.next.gas.vapor_pressure_builders import ([39;00m
[1;32m     16[0m [38;5;66;03m#     ConstantBuilder,[39;00m
[1;32m     17[0m [38;5;66;03m#     AntoineBuilder,[39;00m
[0;32m   (...)[0m
[1;32m     20[0m [38;5;66;03m# )[39;00m
[1;32m     21[0m [38;5;66;03m# from particula.next.gas.vapor_pressure_factories import VaporPressureFactory[39;00m
[0;32m---> 22[0m [38;5;28;01mfrom[39;00m [38;5;21;01mparticula[39;00m[38;5;21;01m.[39;00m[38;5;21;01mnext[39;00m[38;5;21;01m.[39;00m[38;5;21;01mgas[39;00m[38;5;21;01m.[39;00m[38;5;21;01mspecies[39;00m [38;5;28;01mimport[39;00m GasSpecies
[1;32m     23[0m [38;5;66;03m# from particula.next.gas.species_builders import ([39;00m
[1;32m     24[0m [38;5;66;03m#     GasSpeciesBuilder, PresetGasSpeciesBuilder,[39;00m
[1;32m     25[0m [38;5;66;03m# )[39;00m
[1;32m     26[0m [38;5;66;03m# from particula.next.gas.species_factories import GasSpeciesFactory[39;00m
[1;32m     27[0m [38;5;28;01mfrom[39;00m [38;5;21;01mparticula[39;00m[38;5;21;01m.[39;00m[38;5;21;01mnext[39;00m[38;5;21;01m.[39;00m[38;5;21;01mgas[39;00m[38;5;21;01m.[39;00m[38;5;21;01matmosphere[39;00m [38;5;28;01mimport[39;00m Atmosphere

File [0;32m/opt/hostedtoolcache/Python/3.11.10/x64/lib/python3.11/site-packages/particula/next/gas/species.py:34[0m
[1;32m     28[0m [38;5;28;01mimport[39;00m [38;5;21;01mnumpy[39;00m [38;5;28;01mas[39;00m [38;5;21;01mnp[39;00m
[1;32m     29[0m [38;5;28;01mfrom[39;00m [38;5;21;01mparticula[39;00m[38;5;21;01m.[39;00m[38;5;21;01mnext[39;00m[38;5;21;01m.[39;00m[38;5;21;01mgas[39;00m[38;5;21;01m.[39;00m[38;5;21;01mvapor_pressure_strategies[39;00m [38;5;28;01mimport[39;00m (
[1;32m     30[0m     VaporPressureStrategy, ConstantVaporPressureStrategy)
[1;32m     33[0m [38;5;129;43m@dataclass[39;49m
[0;32m---> 34[0m [38;5;28;43;01mclass[39;49;00m[43m [49m[38;5;21;43;01mGasSpecies[39;49;00m[43m:[49m
[1;32m     35[0m [38;5;250;43m    [39;49m[38;5;124;43;03m"""[39;49;00m
[1;32m     36[0m [38;5;124;43;03m    Represents a single species of gas, including its properties such as[39;49;00m
[1;32m     37[0m [38;5;124;43;03m    name, mass, vapor pressure, and whether it is condensable.[39;49;00m
[0;32m   (...)[0m
[1;32m     61[0m [38;5;124;43;03m    - add_concentration: Add concentration to the gas species.[39;49;00m
[1;32m     62[0m [38;5;124;43;03m    """[39;49;00m
[1;32m     64[0m [43m    [49m[38;5;28;43;01mdef[39;49;00m[43m [49m[38;5;21;43m__init__[39;49m[43m([49m[43m  [49m[38;5;66;43;03m# pylint: disable=too-many-arguments[39;49;00m
[1;32m     65[0m [43m        [49m[38;5;28;43mself[39;49m[43m,[49m
[1;32m     66[0m [43m        [49m[43mname[49m[43m:[49m[43m [49m[43mUnion[49m[43m[[49m[38;5;28;43mstr[39;49m[43m,[49m[43m [49m[43mNDArray[49m[43m[[49m[43mnp[49m[38;5;241;43m.[39;49m[43mstr_[49m[43m][49m[43m][49m[43m,[49m
[0;32m   (...)[0m
[1;32m     72[0m [43m        [49m[43mconcentration[49m[43m:[49m[43m [49m[43mUnion[49m[43m[[49m[38;5;28;43mfloat[39;49m[43m,[49m[43m [49m[43mNDArray[49m[43m[[49m[43mnp[49m[38;5;241;43m.[39;49m[43mfloat_[49m[43m][49m[43m][49m[43m [49m[38;5;241;43m=[39;49m[43m [49m[38;5;241;43m0.0[39;49m
[1;32m     73[0m [43m    [49m[43m)[49m[43m [49m[38;5;241;43m-[39;49m[38;5;241;43m>[39;49m[43m [49m[38;5;28;43;01mNone[39;49;00m[43m:[49m

File [0;32m/opt/hostedtoolcache/Python/3.11.10/x64/lib/python3.11/site-packages/particula/next/gas/species.py:66[0m, in [0;36mGasSpecies[0;34m()[0m
[1;32m     33[0m [38;5;129m@dataclass[39m
[1;32m     34[0m [38;5;28;01mclass[39;00m [38;5;21;01mGasSpecies[39;00m:
[1;32m     35[0m [38;5;250m    [39m[38;5;124;03m"""[39;00m
[1;32m     36[0m [38;5;124;03m    Represents a single species of gas, including its properties such as[39;00m
[1;32m     37[0m [38;5;124;03m    name, mass, vapor pressure, and whether it is condensable.[39;00m
[0;32m   (...)[0m
[1;32m     61[0m [38;5;124;03m    - add_concentration: Add concentration to the gas species.[39;00m
[1;32m     62[0m [38;5;124;03m    """[39;00m
[1;32m     64[0m     [38;5;28;01mdef[39;00m [38;5;21m__init__[39m(  [38;5;66;03m# pylint: disable=too-many-arguments[39;00m
[1;32m     65[0m         [38;5;28mself[39m,
[0;32m---> 66[0m         name: [43mUnion[49m[[38;5;28mstr[39m, NDArray[np[38;5;241m.[39mstr_]],
[1;32m     67[0m         molar_mass: Union[[38;5;28mfloat[39m, NDArray[np[38;5;241m.[39mfloat_]],
[1;32m     68[0m         vapor_pressure_strategy: Union[
[1;32m     69[0m             VaporPressureStrategy, [38;5;28mlist[39m[VaporPressureStrategy]
[1;32m     70[0m             ] [38;5;241m=[39m ConstantVaporPressureStrategy([38;5;241m0.0[39m),
[1;32m     71[0m         condensable: Union[[38;5;28mbool[39m, NDArray[np[38;5;241m.[39mbool_]] [38;5;241m=[39m [38;5;28;01mTrue[39;00m,
[1;32m     72[0m         concentration: Union[[38;5;28mfloat[39m, NDArray[np[38;5;241m.[39mfloat_]] [38;5;241m=[39m [38;5;241m0.0[39m
[1;32m     73[0m     ) [38;5;241m-[39m[38;5;241m>[39m [38;5;28;01mNone[39;00m:
[1;32m     74[0m         [38;5;28mself[39m[38;5;241m.[39mname [38;5;241m=[39m name
[1;32m     75[0m         [38;5;28mself[39m[38;5;241m.[39mmolar_mass [38;5;241m=[39m molar_mass

[0;31mNameError[0m: name 'Union' is not defined

