Traceback (most recent call last):
  File "/opt/hostedtoolcache/Python/3.11.10/x64/lib/python3.11/site-packages/jupyter_cache/executors/utils.py", line 58, in single_nb_execution
    executenb(
  File "/opt/hostedtoolcache/Python/3.11.10/x64/lib/python3.11/site-packages/nbclient/client.py", line 1314, in execute
    return NotebookClient(nb=nb, resources=resources, km=km, **kwargs).execute()
           ^^^^^^^^^^^^^^^^^^^^^^^^^^^^^^^^^^^^^^^^^^^^^^^^^^^^^^^^^^^^^^^^^^^^^
  File "/opt/hostedtoolcache/Python/3.11.10/x64/lib/python3.11/site-packages/jupyter_core/utils/__init__.py", line 165, in wrapped
    return loop.run_until_complete(inner)
           ^^^^^^^^^^^^^^^^^^^^^^^^^^^^^^
  File "/opt/hostedtoolcache/Python/3.11.10/x64/lib/python3.11/asyncio/base_events.py", line 654, in run_until_complete
    return future.result()
           ^^^^^^^^^^^^^^^
  File "/opt/hostedtoolcache/Python/3.11.10/x64/lib/python3.11/site-packages/nbclient/client.py", line 709, in async_execute
    await self.async_execute_cell(
  File "/opt/hostedtoolcache/Python/3.11.10/x64/lib/python3.11/site-packages/nbclient/client.py", line 1062, in async_execute_cell
    await self._check_raise_for_error(cell, cell_index, exec_reply)
  File "/opt/hostedtoolcache/Python/3.11.10/x64/lib/python3.11/site-packages/nbclient/client.py", line 918, in _check_raise_for_error
    raise CellExecutionError.from_cell_and_msg(cell, exec_reply_content)
nbclient.exceptions.CellExecutionError: An error occurred while executing the following cell:
------------------
# Import necessary libraries

import numpy as np  # For numerical operations and array manipulations
import matplotlib.pyplot as plt  # For plotting graphs and visualizations
import pandas as pd  # For data manipulation and analysis
from scipy.integrate import (
    trapezoid,
)  # For numerical integration using the trapezoidal rule

# Import specific modules from the particula package
from particula.next.dynamics.coagulation import brownian_kernel, rate

# The 'brownian_kernel' module calculates the Brownian coagulation kernel,
# which is used to determine coagulation rates between particles.
# The 'rate' module includes functions for calculating gain and loss rates during coagulation.
from particula.next.particles.properties.lognormal_size_distribution import (
    lognormal_pmf_distribution,
    lognormal_pdf_distribution,
)

# The 'lognormal_pmf_distribution' function generates a lognormal distribution
# represented as a Probability Mass Function (PMF).
# The 'lognormal_pdf_distribution' function generates a lognormal distribution
# represented as a Probability Density Function (PDF).
from particula.util.convert import distribution_convert_pdf_pms

# The 'distribution_convert_pdf_pms' function is used to convert PDF distributions
# to PMS (Particle Mass Spectrum) or vice versa for comparison purposes.
------------------


[0;31m---------------------------------------------------------------------------[0m
[0;31mModuleNotFoundError[0m                       Traceback (most recent call last)
Cell [0;32mIn[1], line 11[0m
[1;32m      6[0m [38;5;28;01mfrom[39;00m [38;5;21;01mscipy[39;00m[38;5;21;01m.[39;00m[38;5;21;01mintegrate[39;00m [38;5;28;01mimport[39;00m (
[1;32m      7[0m     trapezoid,
[1;32m      8[0m )  [38;5;66;03m# For numerical integration using the trapezoidal rule[39;00m
[1;32m     10[0m [38;5;66;03m# Import specific modules from the particula package[39;00m
[0;32m---> 11[0m [38;5;28;01mfrom[39;00m [38;5;21;01mparticula[39;00m[38;5;21;01m.[39;00m[38;5;21;01mnext[39;00m[38;5;21;01m.[39;00m[38;5;21;01mdynamics[39;00m[38;5;21;01m.[39;00m[38;5;21;01mcoagulation[39;00m [38;5;28;01mimport[39;00m brownian_kernel, rate
[1;32m     13[0m [38;5;66;03m# The 'brownian_kernel' module calculates the Brownian coagulation kernel,[39;00m
[1;32m     14[0m [38;5;66;03m# which is used to determine coagulation rates between particles.[39;00m
[1;32m     15[0m [38;5;66;03m# The 'rate' module includes functions for calculating gain and loss rates during coagulation.[39;00m
[1;32m     16[0m [38;5;28;01mfrom[39;00m [38;5;21;01mparticula[39;00m[38;5;21;01m.[39;00m[38;5;21;01mnext[39;00m[38;5;21;01m.[39;00m[38;5;21;01mparticles[39;00m[38;5;21;01m.[39;00m[38;5;21;01mproperties[39;00m[38;5;21;01m.[39;00m[38;5;21;01mlognormal_size_distribution[39;00m [38;5;28;01mimport[39;00m (
[1;32m     17[0m     lognormal_pmf_distribution,
[1;32m     18[0m     lognormal_pdf_distribution,
[1;32m     19[0m )

File [0;32m/opt/hostedtoolcache/Python/3.11.10/x64/lib/python3.11/site-packages/particula/next/dynamics/__init__.py:14[0m
[1;32m      1[0m [38;5;124;03m"""Condensation dynamics exposed via __init__.[39;00m
[1;32m      2[0m 
[1;32m      3[0m [38;5;124;03mIf you want specific sub functions, import them directly from[39;00m
[1;32m      4[0m [38;5;124;03m`particula.next.dynamics.condensation.xxx.xxx` instead.[39;00m
[1;32m      5[0m [38;5;124;03m"""[39;00m
[1;32m      7[0m [38;5;66;03m# later: pytype does not like these imports.[39;00m
[1;32m      8[0m 
[1;32m      9[0m [38;5;66;03m# pylint: disable=unused-import, disable=line-too-long[39;00m
[1;32m     10[0m [38;5;66;03m# flake8: noqa[39;00m
[1;32m     11[0m [38;5;66;03m# pyright: basic[39;00m
[1;32m     12[0m [38;5;66;03m# pytype: skip-file[39;00m
[0;32m---> 14[0m [38;5;28;01mfrom[39;00m [38;5;21;01mparticula[39;00m[38;5;21;01m.[39;00m[38;5;21;01mnext[39;00m[38;5;21;01m.[39;00m[38;5;21;01mdynamics[39;00m [38;5;28;01mimport[39;00m condensation
[1;32m     15[0m [38;5;28;01mfrom[39;00m [38;5;21;01mparticula[39;00m[38;5;21;01m.[39;00m[38;5;21;01mnext[39;00m[38;5;21;01m.[39;00m[38;5;21;01mdynamics[39;00m [38;5;28;01mimport[39;00m coagulation
[1;32m     16[0m [38;5;28;01mfrom[39;00m [38;5;21;01mparticula[39;00m[38;5;21;01m.[39;00m[38;5;21;01mnext[39;00m[38;5;21;01m.[39;00m[38;5;21;01mdynamics[39;00m [38;5;28;01mimport[39;00m properties

File [0;32m/opt/hostedtoolcache/Python/3.11.10/x64/lib/python3.11/site-packages/particula/next/dynamics/condensation/__init__.py:14[0m
[1;32m      1[0m [38;5;124;03m"""Condensation dynamics exposed via __init__.[39;00m
[1;32m      2[0m 
[1;32m      3[0m [38;5;124;03mIf you want specific sub functions, import them directly from[39;00m
[1;32m      4[0m [38;5;124;03m`particula.next.dynamics.condensation.xxx.xxx` instead.[39;00m
[1;32m      5[0m [38;5;124;03m"""[39;00m
[1;32m      7[0m [38;5;66;03m# later: pytype does not like these imports.[39;00m
[1;32m      8[0m 
[1;32m      9[0m [38;5;66;03m# pylint: disable=unused-import, disable=line-too-long[39;00m
[1;32m     10[0m [38;5;66;03m# flake8: noqa[39;00m
[1;32m     11[0m [38;5;66;03m# pyright: basic[39;00m
[1;32m     12[0m [38;5;66;03m# pytype: skip-file[39;00m
[0;32m---> 14[0m [38;5;28;01mfrom[39;00m [38;5;21;01mparticula[39;00m[38;5;21;01m.[39;00m[38;5;21;01mnext[39;00m[38;5;21;01m.[39;00m[38;5;21;01mdynamics[39;00m[38;5;21;01m.[39;00m[38;5;21;01mcondensation[39;00m[38;5;21;01m.[39;00m[38;5;21;01mcondensation_strategies[39;00m [38;5;28;01mimport[39;00m (
[1;32m     15[0m     CondensationIsothermal,
[1;32m     16[0m )
[1;32m     17[0m [38;5;28;01mfrom[39;00m [38;5;21;01mparticula[39;00m[38;5;21;01m.[39;00m[38;5;21;01mnext[39;00m[38;5;21;01m.[39;00m[38;5;21;01mdynamics[39;00m[38;5;21;01m.[39;00m[38;5;21;01mcondensation[39;00m[38;5;21;01m.[39;00m[38;5;21;01mmass_transfer[39;00m [38;5;28;01mimport[39;00m (
[1;32m     18[0m     mass_transfer_rate,
[1;32m     19[0m     first_order_mass_transport_k,
[1;32m     20[0m     radius_transfer_rate,
[1;32m     21[0m     calculate_mass_transfer,
[1;32m     22[0m )

File [0;32m/opt/hostedtoolcache/Python/3.11.10/x64/lib/python3.11/site-packages/particula/next/dynamics/condensation/condensation_strategies.py:44[0m
[1;32m     41[0m [38;5;28;01mimport[39;00m [38;5;21;01mnumpy[39;00m [38;5;28;01mas[39;00m [38;5;21;01mnp[39;00m
[1;32m     43[0m [38;5;66;03m# particula imports[39;00m
[0;32m---> 44[0m [38;5;28;01mfrom[39;00m [38;5;21;01mparticula[39;00m[38;5;21;01m.[39;00m[38;5;21;01mnext[39;00m[38;5;21;01m.[39;00m[38;5;21;01mparticles[39;00m[38;5;21;01m.[39;00m[38;5;21;01mrepresentation[39;00m [38;5;28;01mimport[39;00m ParticleRepresentation
[1;32m     45[0m [38;5;28;01mfrom[39;00m [38;5;21;01mparticula[39;00m[38;5;21;01m.[39;00m[38;5;21;01mnext[39;00m[38;5;21;01m.[39;00m[38;5;21;01mgas[39;00m[38;5;21;01m.[39;00m[38;5;21;01mspecies[39;00m [38;5;28;01mimport[39;00m GasSpecies
[1;32m     46[0m [38;5;28;01mfrom[39;00m [38;5;21;01mparticula[39;00m[38;5;21;01m.[39;00m[38;5;21;01mnext[39;00m[38;5;21;01m.[39;00m[38;5;21;01mparticles[39;00m[38;5;21;01m.[39;00m[38;5;21;01mproperties[39;00m [38;5;28;01mimport[39;00m (
[1;32m     47[0m     calculate_knudsen_number,
[1;32m     48[0m     vapor_transition_correction,
[1;32m     49[0m     partial_pressure_delta,
[1;32m     50[0m )

File [0;32m/opt/hostedtoolcache/Python/3.11.10/x64/lib/python3.11/site-packages/particula/next/particles/__init__.py:22[0m
[1;32m     10[0m [38;5;28;01mfrom[39;00m [38;5;21;01mparticula[39;00m[38;5;21;01m.[39;00m[38;5;21;01mnext[39;00m[38;5;21;01m.[39;00m[38;5;21;01mparticles[39;00m[38;5;21;01m.[39;00m[38;5;21;01mdistribution_strategies[39;00m [38;5;28;01mimport[39;00m (
[1;32m     11[0m     MassBasedMovingBin,
[1;32m     12[0m     RadiiBasedMovingBin,
[1;32m     13[0m     SpeciatedMassMovingBin,
[1;32m     14[0m     ParticleResolvedSpeciatedMass,
[1;32m     15[0m )
[1;32m     16[0m [38;5;28;01mfrom[39;00m [38;5;21;01mparticula[39;00m[38;5;21;01m.[39;00m[38;5;21;01mnext[39;00m[38;5;21;01m.[39;00m[38;5;21;01mparticles[39;00m[38;5;21;01m.[39;00m[38;5;21;01mdistribution_builders[39;00m [38;5;28;01mimport[39;00m (
[1;32m     17[0m     MassBasedMovingBinBuilder,
[1;32m     18[0m     RadiiBasedMovingBinBuilder,
[1;32m     19[0m     SpeciatedMassMovingBinBuilder,
[1;32m     20[0m     ParticleResolvedSpeciatedMassBuilder,
[1;32m     21[0m )
[0;32m---> 22[0m [38;5;28;01mfrom[39;00m [38;5;21;01mparticula[39;00m[38;5;21;01m.[39;00m[38;5;21;01mnext[39;00m[38;5;21;01m.[39;00m[38;5;21;01mparticles[39;00m[38;5;21;01m.[39;00m[38;5;21;01mdistribution_factories[39;00m [38;5;28;01mimport[39;00m (
[1;32m     23[0m     DistributionFactory,
[1;32m     24[0m )
[1;32m     25[0m [38;5;28;01mfrom[39;00m [38;5;21;01mparticula[39;00m[38;5;21;01m.[39;00m[38;5;21;01mnext[39;00m[38;5;21;01m.[39;00m[38;5;21;01mparticles[39;00m[38;5;21;01m.[39;00m[38;5;21;01mactivity_strategies[39;00m [38;5;28;01mimport[39;00m (
[1;32m     26[0m     ActivityIdealMass,
[1;32m     27[0m     ActivityIdealMolar,
[1;32m     28[0m     ActivityKappaParameter,
[1;32m     29[0m )
[1;32m     30[0m [38;5;28;01mfrom[39;00m [38;5;21;01mparticula[39;00m[38;5;21;01m.[39;00m[38;5;21;01mnext[39;00m[38;5;21;01m.[39;00m[38;5;21;01mparticles[39;00m[38;5;21;01m.[39;00m[38;5;21;01mactivity_builders[39;00m [38;5;28;01mimport[39;00m (
[1;32m     31[0m     ActivityIdealMassBuilder,
[1;32m     32[0m     ActivityIdealMolarBuilder,
[1;32m     33[0m     ActivityKappaParameterBuilder,
[1;32m     34[0m )

File [0;32m/opt/hostedtoolcache/Python/3.11.10/x64/lib/python3.11/site-packages/particula/next/particles/distribution_factories.py:5[0m
[1;32m      1[0m [38;5;124;03m"""Factory Classes for selecting the distribution strategy.[39;00m
[1;32m      2[0m [38;5;124;03m"""[39;00m
[1;32m      4[0m [38;5;28;01mfrom[39;00m [38;5;21;01mtyping[39;00m [38;5;28;01mimport[39;00m Union
[0;32m----> 5[0m [38;5;28;01mfrom[39;00m [38;5;21;01mparticula[39;00m[38;5;21;01m.[39;00m[38;5;21;01mnext[39;00m[38;5;21;01m.[39;00m[38;5;21;01mabc_factory[39;00m [38;5;28;01mimport[39;00m StrategyFactory
[1;32m      6[0m [38;5;28;01mfrom[39;00m [38;5;21;01mparticula[39;00m[38;5;21;01m.[39;00m[38;5;21;01mnext[39;00m[38;5;21;01m.[39;00m[38;5;21;01mparticles[39;00m[38;5;21;01m.[39;00m[38;5;21;01mdistribution_strategies[39;00m [38;5;28;01mimport[39;00m (
[1;32m      7[0m     MassBasedMovingBin, RadiiBasedMovingBin, SpeciatedMassMovingBin,
[1;32m      8[0m     ParticleResolvedSpeciatedMass,
[1;32m      9[0m )
[1;32m     10[0m [38;5;28;01mfrom[39;00m [38;5;21;01mparticula[39;00m[38;5;21;01m.[39;00m[38;5;21;01mnext[39;00m[38;5;21;01m.[39;00m[38;5;21;01mparticles[39;00m[38;5;21;01m.[39;00m[38;5;21;01mdistribution_builders[39;00m [38;5;28;01mimport[39;00m (
[1;32m     11[0m     MassBasedMovingBinBuilder, RadiiBasedMovingBinBuilder,
[1;32m     12[0m     SpeciatedMassMovingBinBuilder,
[1;32m     13[0m     ParticleResolvedSpeciatedMassBuilder,
[1;32m     14[0m )

[0;31mModuleNotFoundError[0m: No module named 'particula.next.abc_factory'

